This is pdfTeX, Version 3.14159265-2.6-1.40.21 (TeX Live 2020) (preloaded format=latex 2020.9.24)  25 SEP 2020 19:05
entering extended mode
 \write18 enabled.
 %&-line parsing enabled.
**\makeatletter\def\HCode{\futurelet\HCode\HChar}\def\HChar{\ifx"\HCode\def\HCo
de"##1"{\Link##1}\expandafter\HCode\else\expandafter\Link\fi}\def\Link#1.a.b.c.
{\g@addto@macro\@documentclasshook{\RequirePackage[#1,html]{tex4ht}}\let\HCode\
documentstyle\def\documentstyle{\let\documentstyle\HCode\expandafter\def\csname
 tex4ht\endcsname{#1,html}\def\HCode####1{\documentstyle[tex4ht,}\@ifnextchar[{
\HCode}{\documentstyle[tex4ht]}}}\makeatother\HCode my.cfg,,charset=utf-8,html5
.a.b.c.\input "\detokenize{lecturenotes.tex}"
(./lecturenotes.tex (/usr/local/texlive/2020/texmf-dist/tex/latex/base/report.c
ls
Document Class: report 2019/12/20 v1.4l Standard LaTeX document class
(/usr/local/texlive/2020/texmf-dist/tex/latex/base/size10.clo
File: size10.clo 2019/12/20 v1.4l Standard LaTeX file (size option)
)
\c@part=\count168
\c@chapter=\count169
\c@section=\count170
\c@subsection=\count171
\c@subsubsection=\count172
\c@paragraph=\count173
\c@subparagraph=\count174
\c@figure=\count175
\c@table=\count176
\abovecaptionskip=\skip47
\belowcaptionskip=\skip48
\bibindent=\dimen134
) (/usr/local/texlive/2020/texmf-dist/tex/generic/tex4ht/tex4ht.sty
version 2020-07-28-14:30
Package: tex4ht 
--------------------------------------
--- Note --- for _ at preamble, use the command line option `early_'
--------------------------------------
--------------------------------------
--- Note --- for ^ at preamble, use the command line option `early^'
--------------------------------------
\tmp:toks=\toks15
) (/usr/local/texlive/2020/texmf-dist/tex/generic/tex4ht/usepackage.4ht
version 2020-09-21-13:54
) (/usr/local/texlive/2020/texmf-dist/tex/latex/base/inputenc.sty
Package: inputenc 2018/08/11 v1.3c Input encoding file
\inpenc@prehook=\toks16
\inpenc@posthook=\toks17
(/usr/local/texlive/2020/texmf-dist/tex/latex/base/latin1.def
File: latin1.def 2018/08/11 v1.3c Input encoding file
)) (/usr/local/texlive/2020/texmf-dist/tex/latex/amsmath/amsmath.sty
Package: amsmath 2020/01/20 v2.17e AMS math features
\@mathmargin=\skip49
For additional information on amsmath, use the `?' option.
(/usr/local/texlive/2020/texmf-dist/tex/latex/amsmath/amstext.sty
Package: amstext 2000/06/29 v2.01 AMS text
(/usr/local/texlive/2020/texmf-dist/tex/latex/amsmath/amsgen.sty
File: amsgen.sty 1999/11/30 v2.0 generic functions
\@emptytoks=\toks18
\ex@=\dimen135
)) (/usr/local/texlive/2020/texmf-dist/tex/latex/amsmath/amsbsy.sty
Package: amsbsy 1999/11/29 v1.2d Bold Symbols
\pmbraise@=\dimen136
) (/usr/local/texlive/2020/texmf-dist/tex/latex/amsmath/amsopn.sty
Package: amsopn 2016/03/08 v2.02 operator names
)
\inf@bad=\count177
LaTeX Info: Redefining \frac on input line 227.
\uproot@=\count178
\leftroot@=\count179
LaTeX Info: Redefining \overline on input line 389.
\classnum@=\count180
\DOTSCASE@=\count181
LaTeX Info: Redefining \ldots on input line 486.
LaTeX Info: Redefining \dots on input line 489.
LaTeX Info: Redefining \cdots on input line 610.
\Mathstrutbox@=\box45
\strutbox@=\box46
\big@size=\dimen137
LaTeX Font Info:    Redeclaring font encoding OML on input line 733.
LaTeX Font Info:    Redeclaring font encoding OMS on input line 734.
\macc@depth=\count182
\c@MaxMatrixCols=\count183
\dotsspace@=\muskip16
\c@parentequation=\count184
\dspbrk@lvl=\count185
\tag@help=\toks19
\row@=\count186
\column@=\count187
\maxfields@=\count188
\andhelp@=\toks20
\eqnshift@=\dimen138
\alignsep@=\dimen139
\tagshift@=\dimen140
\tagwidth@=\dimen141
\totwidth@=\dimen142
\lineht@=\dimen143
\@envbody=\toks21
\multlinegap=\skip50
\multlinetaggap=\skip51
\mathdisplay@stack=\toks22
LaTeX Info: Redefining \[ on input line 2859.
LaTeX Info: Redefining \] on input line 2860.
) (/usr/local/texlive/2020/texmf-dist/tex/latex/amsfonts/amsfonts.sty
Package: amsfonts 2013/01/14 v3.01 Basic AMSFonts support
\symAMSa=\mathgroup4
\symAMSb=\mathgroup5
LaTeX Font Info:    Redeclaring math symbol \hbar on input line 98.
LaTeX Font Info:    Overwriting math alphabet `\mathfrak' in version `bold'
(Font)                  U/euf/m/n --> U/euf/b/n on input line 106.
) (/usr/local/texlive/2020/texmf-dist/tex/latex/amsfonts/amssymb.sty
Package: amssymb 2013/01/14 v3.01 AMS font symbols
) (/usr/local/texlive/2020/texmf-dist/tex/latex/amscls/amsthm.sty
Package: amsthm 2020/05/29 v2.20.6
\thm@style=\toks23
\thm@bodyfont=\toks24
\thm@headfont=\toks25
\thm@notefont=\toks26
\thm@headpunct=\toks27
\thm@preskip=\skip52
\thm@postskip=\skip53
\thm@headsep=\skip54
\dth@everypar=\toks28
) (/usr/local/texlive/2020/texmf-dist/tex/generic/tex4ht/usepackage.4ht
version 2020-09-21-13:54
) (/usr/local/texlive/2020/texmf-dist/tex/latex/caption/caption.sty
Package: caption 2020/09/12 v3.5b Customizing captions (AR)
(/usr/local/texlive/2020/texmf-dist/tex/latex/caption/caption3.sty
Package: caption3 2020/09/17 v2.1b caption3 kernel (AR)
(/usr/local/texlive/2020/texmf-dist/tex/latex/graphics/keyval.sty
Package: keyval 2014/10/28 v1.15 key=value parser (DPC)
\KV@toks@=\toks29
)
\captionmargin=\dimen144
\captionmargin@=\dimen145
\captionwidth=\dimen146
\caption@tempdima=\dimen147
\caption@indent=\dimen148
\caption@parindent=\dimen149
\caption@hangindent=\dimen150
Package caption Info: Standard document class detected.
)
\c@caption@flags=\count189
\c@continuedfloat=\count190
) (/usr/local/texlive/2020/texmf-dist/tex/latex/graphics/color.sty
Package: color 2019/11/23 v1.2a Standard LaTeX Color (DPC)
(/usr/local/texlive/2020/texmf-dist/tex/latex/graphics-cfg/color.cfg
File: color.cfg 2016/01/02 v1.6 sample color configuration
)
Package color Info: Driver file: dvips.def on input line 147.
(/usr/local/texlive/2020/texmf-dist/tex/latex/graphics-def/dvips.def
File: dvips.def 2017/06/20 v3.1d Graphics/color driver for dvips
) (/usr/local/texlive/2020/texmf-dist/tex/latex/graphics/dvipsnam.def
File: dvipsnam.def 2016/06/17 v3.0m Driver-dependent file (DPC,SPQR)
)) (/usr/local/texlive/2020/texmf-dist/tex/latex/graphics/graphicx.sty
Package: graphicx 2019/11/30 v1.2a Enhanced LaTeX Graphics (DPC,SPQR)
(/usr/local/texlive/2020/texmf-dist/tex/generic/tex4ht/usepackage.4ht
version 2020-09-21-13:54
) (/usr/local/texlive/2020/texmf-dist/tex/latex/graphics/graphics.sty
Package: graphics 2019/11/30 v1.4a Standard LaTeX Graphics (DPC,SPQR)
(/usr/local/texlive/2020/texmf-dist/tex/latex/graphics/trig.sty
Package: trig 2016/01/03 v1.10 sin cos tan (DPC)
) (/usr/local/texlive/2020/texmf-dist/tex/latex/graphics-cfg/graphics.cfg
File: graphics.cfg 2016/06/04 v1.11 sample graphics configuration
)
Package graphics Info: Driver file: dvips.def on input line 105.
)
\Gin@req@height=\dimen151
\Gin@req@width=\dimen152
) (/usr/local/texlive/2020/texmf-dist/tex/latex/jknapltx/mathrsfs.sty
Package: mathrsfs 1996/01/01 Math RSFS package v1.0 (jk)
\symrsfs=\mathgroup6
) (/usr/local/texlive/2020/texmf-dist/tex/latex/epstopdf-pkg/epstopdf.sty
Package: epstopdf 2020-01-24 v2.11 Conversion with epstopdf on the fly (HO)
(/usr/local/texlive/2020/texmf-dist/tex/generic/infwarerr/infwarerr.sty
Package: infwarerr 2019/12/03 v1.5 Providing info/warning/error messages (HO)
) (/usr/local/texlive/2020/texmf-dist/tex/latex/grfext/grfext.sty
Package: grfext 2019/12/03 v1.3 Manage graphics extensions (HO)
(/usr/local/texlive/2020/texmf-dist/tex/generic/kvdefinekeys/kvdefinekeys.sty
Package: kvdefinekeys 2019-12-19 v1.6 Define keys (HO)
)) (/usr/local/texlive/2020/texmf-dist/tex/latex/kvoptions/kvoptions.sty
Package: kvoptions 2019/11/29 v3.13 Key value format for package options (HO)
(/usr/local/texlive/2020/texmf-dist/tex/generic/ltxcmds/ltxcmds.sty
Package: ltxcmds 2020-05-10 v1.25 LaTeX kernel commands for general use (HO)
) (/usr/local/texlive/2020/texmf-dist/tex/generic/kvsetkeys/kvsetkeys.sty
Package: kvsetkeys 2019/12/15 v1.18 Key value parser (HO)
)) (/usr/local/texlive/2020/texmf-dist/tex/generic/pdftexcmds/pdftexcmds.sty
Package: pdftexcmds 2020-06-27 v0.33 Utility functions of pdfTeX for LuaTeX (HO
)
(/usr/local/texlive/2020/texmf-dist/tex/generic/iftex/iftex.sty
Package: iftex 2020/03/06 v1.0d TeX engine tests
)
Package pdftexcmds Info: \pdf@primitive is available.
Package pdftexcmds Info: \pdf@ifprimitive is available.
Package pdftexcmds Info: \pdfdraftmode is ignored in DVI mode.
) (/usr/local/texlive/2020/texmf-dist/tex/latex/epstopdf-pkg/epstopdf-base.sty
Package: epstopdf-base 2020-01-24 v2.11 Base part for package epstopdf

Package epstopdf Warning: Drivers other than `pdftex' and `luatex' are not supp
orted.

)) (/usr/local/texlive/2020/texmf-dist/tex/latex/comment/comment.sty
\CommentStream=\write3
Excluding comment 'comment') (/usr/local/texlive/2020/texmf-dist/tex/latex/todo
notes/todonotes.sty
Package: todonotes 2020/08/18 v1.1.3 Todonotes source and documentation.
Package: todonotes 2018/11/22
(/usr/local/texlive/2020/texmf-dist/tex/latex/base/ifthen.sty
Package: ifthen 2014/09/29 v1.1c Standard LaTeX ifthen package (DPC)
) (/usr/local/texlive/2020/texmf-dist/tex/latex/xkeyval/xkeyval.sty
Package: xkeyval 2014/12/03 v2.7a package option processing (HA)
(/usr/local/texlive/2020/texmf-dist/tex/generic/xkeyval/xkeyval.tex (/usr/local
/texlive/2020/texmf-dist/tex/generic/xkeyval/xkvutils.tex
\XKV@toks=\toks30
\XKV@tempa@toks=\toks31
)
\XKV@depth=\count191
File: xkeyval.tex 2014/12/03 v2.7a key=value parser (HA)
)) (/usr/local/texlive/2020/texmf-dist/tex/generic/tex4ht/usepackage.4ht
version 2020-09-21-13:54
) (/usr/local/texlive/2020/texmf-dist/tex/latex/xcolor/xcolor.sty
Package: xcolor 2016/05/11 v2.12 LaTeX color extensions (UK)
(/usr/local/texlive/2020/texmf-dist/tex/latex/graphics-cfg/color.cfg
File: color.cfg 2016/01/02 v1.6 sample color configuration
)
Package xcolor Info: Driver file: dvips.def on input line 225.
LaTeX Info: Redefining \color on input line 709.
Package xcolor Info: Model `cmy' substituted by `cmy0' on input line 1348.
Package xcolor Info: Model `RGB' extended on input line 1364.
Package xcolor Info: Model `HTML' substituted by `rgb' on input line 1366.
Package xcolor Info: Model `Hsb' substituted by `hsb' on input line 1367.
Package xcolor Info: Model `tHsb' substituted by `hsb' on input line 1368.
Package xcolor Info: Model `HSB' substituted by `hsb' on input line 1369.
Package xcolor Info: Model `Gray' substituted by `gray' on input line 1370.
Package xcolor Info: Model `wave' substituted by `hsb' on input line 1371.
) (/usr/local/texlive/2020/texmf-dist/tex/generic/tex4ht/usepackage.4ht
version 2020-09-21-13:54
) (/usr/local/texlive/2020/texmf-dist/tex/latex/pgf/frontendlayer/tikz.sty (/us
r/local/texlive/2020/texmf-dist/tex/latex/pgf/basiclayer/pgf.sty (/usr/local/te
xlive/2020/texmf-dist/tex/latex/pgf/utilities/pgfrcs.sty
(/usr/local/texlive/2020/texmf-dist/tex/generic/pgf/utilities/pgfutil-common.te
x
\pgfutil@everybye=\toks32
\pgfutil@tempdima=\dimen153
\pgfutil@tempdimb=\dimen154

(/usr/local/texlive/2020/texmf-dist/tex/generic/pgf/utilities/pgfutil-common-li
sts.tex))
(/usr/local/texlive/2020/texmf-dist/tex/generic/pgf/utilities/pgfutil-latex.def
\pgfutil@abb=\box47
(/usr/local/texlive/2020/texmf-dist/tex/latex/ms/everyshi.sty
Package: everyshi 2001/05/15 v3.00 EveryShipout Package (MS)
)) (/usr/local/texlive/2020/texmf-dist/tex/generic/pgf/utilities/pgfrcs.code.te
x (/usr/local/texlive/2020/texmf-dist/tex/generic/pgf/pgf.revision.tex)
Package: pgfrcs 2020/01/08 v3.1.5b (3.1.5b)
))
Package: pgf 2020/01/08 v3.1.5b (3.1.5b)
(/usr/local/texlive/2020/texmf-dist/tex/latex/pgf/basiclayer/pgfcore.sty (/usr/
local/texlive/2020/texmf-dist/tex/latex/pgf/systemlayer/pgfsys.sty
(/usr/local/texlive/2020/texmf-dist/tex/generic/pgf/systemlayer/pgfsys.code.tex
Package: pgfsys 2020/01/08 v3.1.5b (3.1.5b)
(/usr/local/texlive/2020/texmf-dist/tex/generic/pgf/utilities/pgfkeys.code.tex
\pgfkeys@pathtoks=\toks33
\pgfkeys@temptoks=\toks34

(/usr/local/texlive/2020/texmf-dist/tex/generic/pgf/utilities/pgfkeysfiltered.c
ode.tex
\pgfkeys@tmptoks=\toks35
))
\pgf@x=\dimen155
\pgf@y=\dimen156
\pgf@xa=\dimen157
\pgf@ya=\dimen158
\pgf@xb=\dimen159
\pgf@yb=\dimen160
\pgf@xc=\dimen161
\pgf@yc=\dimen162
\pgf@xd=\dimen163
\pgf@yd=\dimen164
\w@pgf@writea=\write4
\r@pgf@reada=\read2
\c@pgf@counta=\count192
\c@pgf@countb=\count193
\c@pgf@countc=\count194
\c@pgf@countd=\count195
\t@pgf@toka=\toks36
\t@pgf@tokb=\toks37
\t@pgf@tokc=\toks38
\pgf@sys@id@count=\count196
(/usr/local/texlive/2020/texmf-dist/tex/generic/pgf/systemlayer/pgf.cfg
File: pgf.cfg 2020/01/08 v3.1.5b (3.1.5b)
)
Driver file for pgf: pgfsys-tex4ht.def

(/usr/local/texlive/2020/texmf-dist/tex/generic/pgf/systemlayer/pgfsys-tex4ht.d
ef
File: pgfsys-tex4ht.def 2020/01/08 v3.1.5b (3.1.5b)

(/usr/local/texlive/2020/texmf-dist/tex/generic/pgf/systemlayer/pgfsys-common-s
vg.def
File: pgfsys-common-svg.def 2020/01/08 v3.1.5b (3.1.5b)
\pgf@sys@svg@objectcount=\count197
\pgf@sys@svg@scopecount=\count198
\pgf@sys@svg@type@count=\count199
\pgf@sys@svg@canvascount=\count266
)
\pgf@sys@svg@picnum=\count267
\pgf@sys@svg@nodenum=\count268
\pgfsys@foreignobject@Box=\box48
\pgf@s=\dimen165
\pgf@t=\dimen166
(/usr/local/texlive/2020/texmf-dist/tex/generic/tex4ht/usepackage.4ht
version 2020-09-21-13:54
)))
(/usr/local/texlive/2020/texmf-dist/tex/generic/pgf/systemlayer/pgfsyssoftpath.
code.tex
File: pgfsyssoftpath.code.tex 2020/01/08 v3.1.5b (3.1.5b)
\pgfsyssoftpath@smallbuffer@items=\count269
\pgfsyssoftpath@bigbuffer@items=\count270
)
(/usr/local/texlive/2020/texmf-dist/tex/generic/pgf/systemlayer/pgfsysprotocol.
code.tex
File: pgfsysprotocol.code.tex 2020/01/08 v3.1.5b (3.1.5b)
)) (/usr/local/texlive/2020/texmf-dist/tex/generic/tex4ht/usepackage.4ht
version 2020-09-21-13:54
)
(/usr/local/texlive/2020/texmf-dist/tex/generic/pgf/basiclayer/pgfcore.code.tex
Package: pgfcore 2020/01/08 v3.1.5b (3.1.5b)
(/usr/local/texlive/2020/texmf-dist/tex/generic/pgf/math/pgfmath.code.tex (/usr
/local/texlive/2020/texmf-dist/tex/generic/pgf/math/pgfmathcalc.code.tex (/usr/
local/texlive/2020/texmf-dist/tex/generic/pgf/math/pgfmathutil.code.tex)
(/usr/local/texlive/2020/texmf-dist/tex/generic/pgf/math/pgfmathparser.code.tex
\pgfmath@dimen=\dimen167
\pgfmath@count=\count271
\pgfmath@box=\box49
\pgfmath@toks=\toks39
\pgfmath@stack@operand=\toks40
\pgfmath@stack@operation=\toks41
)
(/usr/local/texlive/2020/texmf-dist/tex/generic/pgf/math/pgfmathfunctions.code.
tex
(/usr/local/texlive/2020/texmf-dist/tex/generic/pgf/math/pgfmathfunctions.basic
.code.tex)
(/usr/local/texlive/2020/texmf-dist/tex/generic/pgf/math/pgfmathfunctions.trigo
nometric.code.tex)
(/usr/local/texlive/2020/texmf-dist/tex/generic/pgf/math/pgfmathfunctions.rando
m.code.tex)
(/usr/local/texlive/2020/texmf-dist/tex/generic/pgf/math/pgfmathfunctions.compa
rison.code.tex)
(/usr/local/texlive/2020/texmf-dist/tex/generic/pgf/math/pgfmathfunctions.base.
code.tex)
(/usr/local/texlive/2020/texmf-dist/tex/generic/pgf/math/pgfmathfunctions.round
.code.tex)
(/usr/local/texlive/2020/texmf-dist/tex/generic/pgf/math/pgfmathfunctions.misc.
code.tex)
(/usr/local/texlive/2020/texmf-dist/tex/generic/pgf/math/pgfmathfunctions.integ
erarithmetics.code.tex))) (/usr/local/texlive/2020/texmf-dist/tex/generic/pgf/m
ath/pgfmathfloat.code.tex
\c@pgfmathroundto@lastzeros=\count272
)) (/usr/local/texlive/2020/texmf-dist/tex/generic/pgf/math/pgfint.code.tex)
(/usr/local/texlive/2020/texmf-dist/tex/generic/pgf/basiclayer/pgfcorepoints.co
de.tex
File: pgfcorepoints.code.tex 2020/01/08 v3.1.5b (3.1.5b)
\pgf@picminx=\dimen168
\pgf@picmaxx=\dimen169
\pgf@picminy=\dimen170
\pgf@picmaxy=\dimen171
\pgf@pathminx=\dimen172
\pgf@pathmaxx=\dimen173
\pgf@pathminy=\dimen174
\pgf@pathmaxy=\dimen175
\pgf@xx=\dimen176
\pgf@xy=\dimen177
\pgf@yx=\dimen178
\pgf@yy=\dimen179
\pgf@zx=\dimen180
\pgf@zy=\dimen181
)
(/usr/local/texlive/2020/texmf-dist/tex/generic/pgf/basiclayer/pgfcorepathconst
ruct.code.tex
File: pgfcorepathconstruct.code.tex 2020/01/08 v3.1.5b (3.1.5b)
\pgf@path@lastx=\dimen182
\pgf@path@lasty=\dimen183
)
(/usr/local/texlive/2020/texmf-dist/tex/generic/pgf/basiclayer/pgfcorepathusage
.code.tex
File: pgfcorepathusage.code.tex 2020/01/08 v3.1.5b (3.1.5b)
\pgf@shorten@end@additional=\dimen184
\pgf@shorten@start@additional=\dimen185
)
(/usr/local/texlive/2020/texmf-dist/tex/generic/pgf/basiclayer/pgfcorescopes.co
de.tex
File: pgfcorescopes.code.tex 2020/01/08 v3.1.5b (3.1.5b)
\pgfpic=\box50
\pgf@hbox=\box51
\pgf@layerbox@main=\box52
\pgf@picture@serial@count=\count273
)
(/usr/local/texlive/2020/texmf-dist/tex/generic/pgf/basiclayer/pgfcoregraphicst
ate.code.tex
File: pgfcoregraphicstate.code.tex 2020/01/08 v3.1.5b (3.1.5b)
\pgflinewidth=\dimen186
)
(/usr/local/texlive/2020/texmf-dist/tex/generic/pgf/basiclayer/pgfcoretransform
ations.code.tex
File: pgfcoretransformations.code.tex 2020/01/08 v3.1.5b (3.1.5b)
\pgf@pt@x=\dimen187
\pgf@pt@y=\dimen188
\pgf@pt@temp=\dimen189
)
(/usr/local/texlive/2020/texmf-dist/tex/generic/pgf/basiclayer/pgfcorequick.cod
e.tex
File: pgfcorequick.code.tex 2020/01/08 v3.1.5b (3.1.5b)
)
(/usr/local/texlive/2020/texmf-dist/tex/generic/pgf/basiclayer/pgfcoreobjects.c
ode.tex
File: pgfcoreobjects.code.tex 2020/01/08 v3.1.5b (3.1.5b)
)
(/usr/local/texlive/2020/texmf-dist/tex/generic/pgf/basiclayer/pgfcorepathproce
ssing.code.tex
File: pgfcorepathprocessing.code.tex 2020/01/08 v3.1.5b (3.1.5b)
)
(/usr/local/texlive/2020/texmf-dist/tex/generic/pgf/basiclayer/pgfcorearrows.co
de.tex
File: pgfcorearrows.code.tex 2020/01/08 v3.1.5b (3.1.5b)
\pgfarrowsep=\dimen190
)
(/usr/local/texlive/2020/texmf-dist/tex/generic/pgf/basiclayer/pgfcoreshade.cod
e.tex
File: pgfcoreshade.code.tex 2020/01/08 v3.1.5b (3.1.5b)
\pgf@max=\dimen191
\pgf@sys@shading@range@num=\count274
\pgf@shadingcount=\count275
)
(/usr/local/texlive/2020/texmf-dist/tex/generic/pgf/basiclayer/pgfcoreimage.cod
e.tex
File: pgfcoreimage.code.tex 2020/01/08 v3.1.5b (3.1.5b)

(/usr/local/texlive/2020/texmf-dist/tex/generic/pgf/basiclayer/pgfcoreexternal.
code.tex
File: pgfcoreexternal.code.tex 2020/01/08 v3.1.5b (3.1.5b)
\pgfexternal@startupbox=\box53
))
(/usr/local/texlive/2020/texmf-dist/tex/generic/pgf/basiclayer/pgfcorelayers.co
de.tex
File: pgfcorelayers.code.tex 2020/01/08 v3.1.5b (3.1.5b)
)
(/usr/local/texlive/2020/texmf-dist/tex/generic/pgf/basiclayer/pgfcoretranspare
ncy.code.tex
File: pgfcoretransparency.code.tex 2020/01/08 v3.1.5b (3.1.5b)
)
(/usr/local/texlive/2020/texmf-dist/tex/generic/pgf/basiclayer/pgfcorepatterns.
code.tex
File: pgfcorepatterns.code.tex 2020/01/08 v3.1.5b (3.1.5b)
)
(/usr/local/texlive/2020/texmf-dist/tex/generic/pgf/basiclayer/pgfcorerdf.code.
tex
File: pgfcorerdf.code.tex 2020/01/08 v3.1.5b (3.1.5b)
)))
(/usr/local/texlive/2020/texmf-dist/tex/generic/pgf/modules/pgfmoduleshapes.cod
e.tex
File: pgfmoduleshapes.code.tex 2020/01/08 v3.1.5b (3.1.5b)
\pgfnodeparttextbox=\box54
)
(/usr/local/texlive/2020/texmf-dist/tex/generic/pgf/modules/pgfmoduleplot.code.
tex
File: pgfmoduleplot.code.tex 2020/01/08 v3.1.5b (3.1.5b)
)
(/usr/local/texlive/2020/texmf-dist/tex/latex/pgf/compatibility/pgfcomp-version
-0-65.sty
Package: pgfcomp-version-0-65 2020/01/08 v3.1.5b (3.1.5b)
\pgf@nodesepstart=\dimen192
\pgf@nodesepend=\dimen193
)
(/usr/local/texlive/2020/texmf-dist/tex/latex/pgf/compatibility/pgfcomp-version
-1-18.sty
Package: pgfcomp-version-1-18 2020/01/08 v3.1.5b (3.1.5b)
)) (/usr/local/texlive/2020/texmf-dist/tex/latex/pgf/utilities/pgffor.sty (/usr
/local/texlive/2020/texmf-dist/tex/latex/pgf/utilities/pgfkeys.sty (/usr/local/
texlive/2020/texmf-dist/tex/generic/pgf/utilities/pgfkeys.code.tex)) (/usr/loca
l/texlive/2020/texmf-dist/tex/latex/pgf/math/pgfmath.sty (/usr/local/texlive/20
20/texmf-dist/tex/generic/pgf/math/pgfmath.code.tex)) (/usr/local/texlive/2020/
texmf-dist/tex/generic/pgf/utilities/pgffor.code.tex
Package: pgffor 2020/01/08 v3.1.5b (3.1.5b)
(/usr/local/texlive/2020/texmf-dist/tex/generic/pgf/math/pgfmath.code.tex)
\pgffor@iter=\dimen194
\pgffor@skip=\dimen195
\pgffor@stack=\toks42
\pgffor@toks=\toks43
))
(/usr/local/texlive/2020/texmf-dist/tex/generic/pgf/frontendlayer/tikz/tikz.cod
e.tex
Package: tikz 2020/01/08 v3.1.5b (3.1.5b)

(/usr/local/texlive/2020/texmf-dist/tex/generic/pgf/libraries/pgflibraryplothan
dlers.code.tex
File: pgflibraryplothandlers.code.tex 2020/01/08 v3.1.5b (3.1.5b)
\pgf@plot@mark@count=\count276
\pgfplotmarksize=\dimen196
)
\tikz@lastx=\dimen197
\tikz@lasty=\dimen198
\tikz@lastxsaved=\dimen199
\tikz@lastysaved=\dimen256
\tikz@lastmovetox=\dimen257
\tikz@lastmovetoy=\dimen258
\tikzleveldistance=\dimen259
\tikzsiblingdistance=\dimen260
\tikz@figbox=\box55
\tikz@figbox@bg=\box56
\tikz@tempbox=\box57
\tikz@tempbox@bg=\box58
\tikztreelevel=\count277
\tikznumberofchildren=\count278
\tikznumberofcurrentchild=\count279
\tikz@fig@count=\count280

(/usr/local/texlive/2020/texmf-dist/tex/generic/pgf/modules/pgfmodulematrix.cod
e.tex
File: pgfmodulematrix.code.tex 2020/01/08 v3.1.5b (3.1.5b)
\pgfmatrixcurrentrow=\count281
\pgfmatrixcurrentcolumn=\count282
\pgf@matrix@numberofcolumns=\count283
)
\tikz@expandcount=\count284

(/usr/local/texlive/2020/texmf-dist/tex/generic/pgf/frontendlayer/tikz/librarie
s/tikzlibrarytopaths.code.tex
File: tikzlibrarytopaths.code.tex 2020/01/08 v3.1.5b (3.1.5b)
)))
(/usr/local/texlive/2020/texmf-dist/tex/generic/pgf/frontendlayer/tikz/librarie
s/tikzlibrarypositioning.code.tex
File: tikzlibrarypositioning.code.tex 2020/01/08 v3.1.5b (3.1.5b)
)
(/usr/local/texlive/2020/texmf-dist/tex/generic/pgf/frontendlayer/tikz/librarie
s/tikzlibraryshadows.code.tex
File: tikzlibraryshadows.code.tex 2020/01/08 v3.1.5b (3.1.5b)

(/usr/local/texlive/2020/texmf-dist/tex/generic/pgf/frontendlayer/tikz/librarie
s/tikzlibraryfadings.code.tex
File: tikzlibraryfadings.code.tex 2020/01/08 v3.1.5b (3.1.5b)

(/usr/local/texlive/2020/texmf-dist/tex/generic/pgf/libraries/pgflibraryfadings
.code.tex
File: pgflibraryfadings.code.tex 2020/01/08 v3.1.5b (3.1.5b)

Package pgf Warning: Your graphic driver pgfsys-tex4ht.def does not support svg
 code in preamble. This warning is given only once on input line 31.


Package pgf Warning: Your graphic driver pgfsys-tex4ht.def does not support fad
ings. This warning is given only once on input line 31.

))) (/usr/local/texlive/2020/texmf-dist/tex/latex/tools/calc.sty
Package: calc 2017/05/25 v4.3 Infix arithmetic (KKT,FJ)
\calc@Acount=\count285
\calc@Bcount=\count286
\calc@Adimen=\dimen261
\calc@Bdimen=\dimen262
\calc@Askip=\skip55
\calc@Bskip=\skip56
LaTeX Info: Redefining \setlength on input line 80.
LaTeX Info: Redefining \addtolength on input line 81.
\calc@Ccount=\count287
\calc@Cskip=\skip57
)
\c@@todonotes@numberoftodonotes=\count288
) (/usr/local/texlive/2020/texmf-dist/tex/latex/mdframed/mdframed.sty
Package: mdframed 2013/07/01 1.9b: mdframed
(/usr/local/texlive/2020/texmf-dist/tex/latex/l3packages/xparse/xparse.sty (/us
r/local/texlive/2020/texmf-dist/tex/generic/tex4ht/usepackage.4ht
version 2020-09-21-13:54
) (/usr/local/texlive/2020/texmf-dist/tex/latex/l3kernel/expl3.sty
Package: expl3 2020-09-06 L3 programming layer (loader) 
(/usr/local/texlive/2020/texmf-dist/tex/latex/l3backend/l3backend-dvips.def
File: l3backend-dvips.def 2020-09-11 L3 backend support: dvips
\l__pdf_internal_box=\box59
\g__pdf_backend_object_int=\count289
\l__pdf_backend_content_box=\box60
\l__pdf_backend_model_box=\box61
\g__pdf_backend_annotation_int=\count290
\g__pdf_backend_link_int=\count291
\g__pdf_backend_link_sf_int=\count292
))
Package: xparse 2020-05-15 L3 Experimental document command parser

(/usr/local/texlive/2020/texmf-dist/tex/latex/l3packages/xparse/xparse-generic.
tex
\l__xparse_current_arg_int=\count293
\g__xparse_grabber_int=\count294
\l__xparse_m_args_int=\count295
\l__xparse_v_nesting_int=\count296
)) (/usr/local/texlive/2020/texmf-dist/tex/latex/etoolbox/etoolbox.sty
Package: etoolbox 2020/08/24 v2.5j e-TeX tools for LaTeX (JAW)
\etb@tempcnta=\count297
) (/usr/local/texlive/2020/texmf-dist/tex/latex/zref/zref-abspage.sty
Package: zref-abspage 2020-05-28 v2.31 Module abspage for zref (HO)
(/usr/local/texlive/2020/texmf-dist/tex/latex/zref/zref-base.sty
Package: zref-base 2020-05-28 v2.31 Module base for zref (HO)
(/usr/local/texlive/2020/texmf-dist/tex/generic/etexcmds/etexcmds.sty
Package: etexcmds 2019/12/15 v1.7 Avoid name clashes with e-TeX commands (HO)
) (/usr/local/texlive/2020/texmf-dist/tex/latex/auxhook/auxhook.sty
Package: auxhook 2019-12-17 v1.6 Hooks for auxiliary files (HO)

Package auxhook Warning: Cannot patch \document,
(auxhook)                using \AtBeginDocument instead.

)
Package zref Info: New property list: main on input line 763.
Package zref Info: New property: default on input line 764.
Package zref Info: New property: page on input line 765.
) (/usr/local/texlive/2020/texmf-dist/tex/generic/atbegshi/atbegshi.sty
Package: atbegshi 2019/12/05 v1.19 At begin shipout hook (HO)
)
\c@abspage=\count298
Package zref Info: New property: abspage on input line 66.
) (/usr/local/texlive/2020/texmf-dist/tex/latex/needspace/needspace.sty
Package: needspace 2010/09/12 v1.3d reserve vertical space
)
\mdf@templength=\skip58
\c@mdf@globalstyle@cnt=\count299
\mdf@skipabove@length=\skip59
\mdf@skipbelow@length=\skip60
\mdf@leftmargin@length=\skip61
\mdf@rightmargin@length=\skip62
\mdf@innerleftmargin@length=\skip63
\mdf@innerrightmargin@length=\skip64
\mdf@innertopmargin@length=\skip65
\mdf@innerbottommargin@length=\skip66
\mdf@splittopskip@length=\skip67
\mdf@splitbottomskip@length=\skip68
\mdf@outermargin@length=\skip69
\mdf@innermargin@length=\skip70
\mdf@linewidth@length=\skip71
\mdf@innerlinewidth@length=\skip72
\mdf@middlelinewidth@length=\skip73
\mdf@outerlinewidth@length=\skip74
\mdf@roundcorner@length=\skip75
\mdf@footenotedistance@length=\skip76
\mdf@userdefinedwidth@length=\skip77
\mdf@needspace@length=\skip78
\mdf@frametitleaboveskip@length=\skip79
\mdf@frametitlebelowskip@length=\skip80
\mdf@frametitlerulewidth@length=\skip81
\mdf@frametitleleftmargin@length=\skip82
\mdf@frametitlerightmargin@length=\skip83
\mdf@shadowsize@length=\skip84
\mdf@extratopheight@length=\skip85
\mdf@subtitleabovelinewidth@length=\skip86
\mdf@subtitlebelowlinewidth@length=\skip87
\mdf@subtitleaboveskip@length=\skip88
\mdf@subtitlebelowskip@length=\skip89
\mdf@subtitleinneraboveskip@length=\skip90
\mdf@subtitleinnerbelowskip@length=\skip91
\mdf@subsubtitleabovelinewidth@length=\skip92
\mdf@subsubtitlebelowlinewidth@length=\skip93
\mdf@subsubtitleaboveskip@length=\skip94
\mdf@subsubtitlebelowskip@length=\skip95
\mdf@subsubtitleinneraboveskip@length=\skip96
\mdf@subsubtitleinnerbelowskip@length=\skip97
(/usr/local/texlive/2020/texmf-dist/tex/generic/tex4ht/usepackage.4ht
version 2020-09-21-13:54
) (/usr/local/texlive/2020/texmf-dist/tex/latex/mdframed/md-frame-1.mdf
File: md-frame-1.mdf 2013/07/01\ 1.9b: md-frame-1
)
\mdf@frametitlebox=\box62
\mdf@footnotebox=\box63
\mdf@splitbox@one=\box64
\mdf@splitbox@two=\box65
\mdf@splitbox@save=\box66
\mdfsplitboxwidth=\skip98
\mdfsplitboxtotalwidth=\skip99
\mdfsplitboxheight=\skip100
\mdfsplitboxdepth=\skip101
\mdfsplitboxtotalheight=\skip102
\mdfframetitleboxwidth=\skip103
\mdfframetitleboxtotalwidth=\skip104
\mdfframetitleboxheight=\skip105
\mdfframetitleboxdepth=\skip106
\mdfframetitleboxtotalheight=\skip107
\mdffootnoteboxwidth=\skip108
\mdffootnoteboxtotalwidth=\skip109
\mdffootnoteboxheight=\skip110
\mdffootnoteboxdepth=\skip111
\mdffootnoteboxtotalheight=\skip112
\mdftotallinewidth=\skip113
\mdfboundingboxwidth=\skip114
\mdfboundingboxtotalwidth=\skip115
\mdfboundingboxheight=\skip116
\mdfboundingboxdepth=\skip117
\mdfboundingboxtotalheight=\skip118
\mdf@freevspace@length=\skip119
\mdf@horizontalwidthofbox@length=\skip120
\mdf@verticalmarginwhole@length=\skip121
\mdf@horizontalspaceofbox=\skip122
\mdfsubtitleheight=\skip123
\mdfsubsubtitleheight=\skip124
\c@mdfcountframes=\count300

****** mdframed patching \endmdf@trivlist

****** -- success******

\mdf@envdepth=\count301
\c@mdf@env@i=\count302
\c@mdf@env@ii=\count303
\c@mdf@zref@counter=\count304
Package zref Info: New property: mdf@pagevalue on input line 895.
) (/usr/local/texlive/2020/texmf-dist/tex/latex/epigraph/epigraph.sty
Package: epigraph 2020/01/02 v1.5e typesetting epigraphs
(/usr/local/texlive/2020/texmf-dist/tex/latex/nextpage/nextpage.sty
Package: nextpage 2009/09/03 v1.1a additional page commands
)
\beforeepigraphskip=\skip125
\afterepigraphskip=\skip126
\epigraphwidth=\skip127
\epigraphrule=\skip128
) (/usr/local/texlive/2020/texmf-dist/tex/latex/subfig/subfig.sty
Package: subfig 2005/06/28 ver: 1.3 subfig package
\c@KVtest=\count305
\sf@farskip=\skip129
\sf@captopadj=\dimen263
\sf@capskip=\skip130
\sf@nearskip=\skip131
\c@subfigure=\count306
\c@subfigure@save=\count307
\c@lofdepth=\count308
\c@subtable=\count309
\c@subtable@save=\count310
\c@lotdepth=\count311
\sf@top=\skip132
\sf@bottom=\skip133
)
\c@theorem=\count312
\c@lemma=\count313
\c@corollary=\count314
\c@notation=\count315
\c@definition=\count316
\c@axiom=\count317
\c@remark=\count318
\c@algorithm=\count319
\c@example=\count320
(./my.cfg (/usr/local/texlive/2020/texmf-dist/tex/generic/tex4ht/tex4ht.4ht
version 2020-03-12-14:03
--------------------------------------
--- Note --- for additional information, use the command line option `info'
--------------------------------------
::::::::::::::::::::::::::::::::::::::::::
 TeX4ht info is available in the log file 
::::::::::::::::::::::::::::::::::::::::::
) (/usr/local/texlive/2020/texmf-dist/tex/generic/tex4ht/tex4ht.sty
version 2020-07-28-14:30
--- needs --- tex4ht lecturenotes ---
\tmp:cnt=\count321
\openout15 = `lecturenotes.tmp'.

(./lecturenotes.tmp)
\tmp:dim=\skip134
(./lecturenotes.xref)
\:refout=\write5
\openout5 = `lecturenotes.xref'.

(/usr/local/texlive/2020/texmf-dist/tex/generic/tex4ht/html4.4ht
version 2020-09-02-14:24
--------------------------------------
--- Note --- to remove the <?xml version=...?> processing instruction use the c
ommand line option `no-VERSION'
--------------------------------------
--------------------------------------
--- Note --- to remove the DOCTYPE declaration use the command line option `no-
DOCTYPE'
--------------------------------------
) (/usr/local/texlive/2020/texmf-dist/tex/generic/tex4ht/unicode.4ht
version 2020-09-18-15:30
) (/usr/local/texlive/2020/texmf-dist/tex/generic/tex4ht/mathml.4ht
version 2020-09-08-14:03
) (/usr/local/texlive/2020/texmf-dist/tex/generic/tex4ht/html-mml.4ht
version 2020-03-06-15:07
) (/usr/local/texlive/2020/texmf-dist/tex/generic/tex4ht/html5.4ht
version 2020-04-13-14:20
)
--------------------------------------
--- Note --- for marking of the base font, use the command line option `fonts+'

--------------------------------------
--------------------------------------
--- Note --- for non active _, use the command line option `no_'
--------------------------------------
--------------------------------------
--- Note --- for _ of catcode 13, use the command line option `_13'
--------------------------------------
--------------------------------------
--- Note --- for non active ^, use the command line option `no^'
--------------------------------------
--------------------------------------
--- Note --- for ^ of catcode 13, use the command line option `^13'
--------------------------------------
(/usr/local/texlive/2020/texmf-dist/tex/generic/tex4ht/html4.4ht
version 2020-09-02-14:24
--------------------------------------
--- Note --- to ignore CSS font decoration, use the `NoFonts' command line opti
on
--------------------------------------
--------------------------------------
--- Note --- for jpg bitmaps of pictures, use the `jpg' command line option. (C
haracter bitmaps are controled only by `g' records of tex4ht.env and `-g' switc
hes of tex4ht.c) 
--------------------------------------
--------------------------------------
--- Note --- for gif bitmaps of pictures, use the `gif' command line option. (C
haracter bitmaps are controled only by `g' records of tex4ht.env and `-g' switc
hes of tex4ht.c) 
--------------------------------------
--------------------------------------
--- Note --- for content and toc in 2 frames, use the command line option `fram
es'
--------------------------------------
--------------------------------------
--- Note --- for content, toc, and footnotes in 3 frames, use the command line 
option `frames-fn'
--------------------------------------
--------------------------------------
--- Note --- for file extension name xht, use the command line option `xht'
--------------------------------------
TeX4ht package options: charset=utf-8,html5,html,xhtml,mathml
--------------------------------------
--- Note --- To print a timestamp, use the command line option timestamp
--------------------------------------
--------------------------------------
--- Note --- to ignore CSS code, use the command line option `-css
--------------------------------------
--------------------------------------
--- Note --- for inline CSS code, use the command line option `css-in'
--------------------------------------
--------------------------------------
--- Note --- for pop ups on mouse over, use the command line option `mouseover'

--------------------------------------
--------------------------------------
--- Note --- for addressing images in a subdirectory, use the command line opti
on `imgdir:.../'
--------------------------------------
) (/usr/local/texlive/2020/texmf-dist/tex/generic/tex4ht/unicode.4ht
version 2020-09-18-15:30
) (/usr/local/texlive/2020/texmf-dist/tex/generic/tex4ht/mathml.4ht
version 2020-09-08-14:03
) (/usr/local/texlive/2020/texmf-dist/tex/generic/tex4ht/html-mml.4ht
version 2020-03-06-15:07
) (/usr/local/texlive/2020/texmf-dist/tex/generic/tex4ht/html5.4ht
version 2020-04-13-14:20
--------------------------------------
--- Note --- To print a timestamp, use the command line option timestamp
--------------------------------------
)
\:tokwrite=\toks44
\:tokpage=\toks45
--------------------------------------
--- Note --- for back links to toc, use the command line option `sections+'
--------------------------------------
--------------------------------------
--- Note --- for linear crosslinks of pages, use the command line option `next'

--------------------------------------
\openout15 = `lecturenotes.4ct'.

\:tocout=\write6
\openout6 = `lecturenotes.4tc'.

(/usr/local/texlive/2020/texmf-dist/tex/generic/tex4ht/html4.4ht
version 2020-09-02-14:24
) (/usr/local/texlive/2020/texmf-dist/tex/generic/tex4ht/unicode.4ht
version 2020-09-18-15:30
) (/usr/local/texlive/2020/texmf-dist/tex/generic/tex4ht/mathml.4ht
version 2020-09-08-14:03
) (/usr/local/texlive/2020/texmf-dist/tex/generic/tex4ht/html-mml.4ht
version 2020-03-06-15:07
) (/usr/local/texlive/2020/texmf-dist/tex/generic/tex4ht/html5.4ht
version 2020-04-13-14:20
) (/usr/local/texlive/2020/texmf-dist/tex/generic/tex4ht/latex.4ht
version 2020-09-22-14:03
LaTeX Info: Redefining \_ on input line 173.
--------------------------------------
--- Note --- for links into captions, instead of float heads, use the command l
ine option `refcaption'
--------------------------------------
(/usr/local/texlive/2020/texmf-dist/tex/generic/tex4ht/html4.4ht
version 2020-09-02-14:24
) (/usr/local/texlive/2020/texmf-dist/tex/generic/tex4ht/unicode.4ht
version 2020-09-18-15:30
) (/usr/local/texlive/2020/texmf-dist/tex/generic/tex4ht/mathml.4ht
version 2020-09-08-14:03
) (/usr/local/texlive/2020/texmf-dist/tex/generic/tex4ht/html-mml.4ht
version 2020-03-06-15:07
) (/usr/local/texlive/2020/texmf-dist/tex/generic/tex4ht/html5.4ht
version 2020-04-13-14:20
) (/usr/local/texlive/2020/texmf-dist/tex/generic/tex4ht/html4.4ht
version 2020-09-02-14:24
--------------------------------------
--- Note --- For mini tocs immediately aftter the header use the command line o
ption `minitoc<'
--------------------------------------
--------------------------------------
--- Note --- for enumerated list elements with valued data, use the command lin
e option `enumerate+'
--------------------------------------
--------------------------------------
--- Note --- for enumerated list elements li's with value attributes, use the c
ommand line option `enumerate-'
--------------------------------------
--------------------------------------
--- Note --- for CSS2 code, use the command line option `css2'
--------------------------------------
--------------------------------------
--- Note --- for pictorial tabular, use the command line option `pic-tabular'
--------------------------------------
--------------------------------------
--- Note --- for bitmap fbox'es, use the command line option `pic-fbox'
--------------------------------------
--------------------------------------
--- Note --- for bitmap framebox'es, use the command line option `pic-framebox'

--------------------------------------
--------------------------------------
--- Note --- for inline footnotes use command line option `fn-in'
--------------------------------------
--------------------------------------
--- Note --- for tracing of latex font commands, use the command line option `f
onts'
--------------------------------------
--------------------------------------
--- Note --- for width specifications of tabular p entries, use the `p-width' c
ommand line option or a configuration similar to \Configure{HColWidth}{\HCode{ 
style="width:\HColWidth"}}
--------------------------------------
) (/usr/local/texlive/2020/texmf-dist/tex/generic/tex4ht/unicode.4ht
version 2020-09-18-15:30
) (/usr/local/texlive/2020/texmf-dist/tex/generic/tex4ht/mathml.4ht
version 2020-09-08-14:03
) (/usr/local/texlive/2020/texmf-dist/tex/generic/tex4ht/html-mml.4ht
version 2020-03-06-15:07
) (/usr/local/texlive/2020/texmf-dist/tex/generic/tex4ht/html5.4ht
version 2020-04-13-14:20
)) (/usr/local/texlive/2020/texmf-dist/tex/generic/tex4ht/fontmath.4ht
version 2018-11-06-15:55
(/usr/local/texlive/2020/texmf-dist/tex/generic/tex4ht/html4.4ht
version 2020-09-02-14:24
) (/usr/local/texlive/2020/texmf-dist/tex/generic/tex4ht/unicode.4ht
version 2020-09-18-15:30
) (/usr/local/texlive/2020/texmf-dist/tex/generic/tex4ht/mathml.4ht
version 2020-09-08-14:03
\tmp:bx=\box67
[1

]
LaTeX Font Info:    Trying to load font information for U+msa on input line 139
6.
(/usr/local/texlive/2020/texmf-dist/tex/latex/amsfonts/umsa.fd
File: umsa.fd 2013/01/14 v3.01 AMS symbols A
)
LaTeX Font Info:    Trying to load font information for U+msb on input line 139
6.
(/usr/local/texlive/2020/texmf-dist/tex/latex/amsfonts/umsb.fd
File: umsb.fd 2013/01/14 v3.01 AMS symbols B
)
LaTeX Font Info:    Trying to load font information for U+rsfs on input line 13
96.
(/usr/local/texlive/2020/texmf-dist/tex/latex/jknapltx/ursfs.fd
File: ursfs.fd 1998/03/24 rsfs font definition file (jk)
) [2] [3] [4] [5] [6] [7] [8] [9] [10] [11] [12] [13] [14] [15] [16] [17] [18] 
[19] [20] [21] [22] [23] [24] [25] [26] [27] [28] [29] [30] [31] [32] [33] [34]
[35] [36] [37] [38] [39] [40] [41] [42] [43] [44] [45] [46] [47] [48] [49] [50]
[51] [52] [53]) (/usr/local/texlive/2020/texmf-dist/tex/generic/tex4ht/html-mml
.4ht
version 2020-03-06-15:07
) (/usr/local/texlive/2020/texmf-dist/tex/generic/tex4ht/html5.4ht
version 2020-04-13-14:20
)) (/usr/local/texlive/2020/texmf-dist/tex/generic/tex4ht/report.4ht (/usr/loca
l/texlive/2020/texmf-dist/tex/generic/tex4ht/html4.4ht
version 2020-09-02-14:24
--------------------------------------
--- Note --- for automatic sectioning pagination, use the command line option `
1', `2', `3', '4', '5', '6', or '7'
--------------------------------------
--------------------------------------
--- Note --- for files named derived from section titles, use the command line 
option `sec-filename'
--------------------------------------
--------------------------------------
--- Note --- for i-columns index, use the command line option `index=i' (e.g., 
index=2)
--------------------------------------
) (/usr/local/texlive/2020/texmf-dist/tex/generic/tex4ht/unicode.4ht
version 2020-09-18-15:30
) (/usr/local/texlive/2020/texmf-dist/tex/generic/tex4ht/mathml.4ht
version 2020-09-08-14:03
) (/usr/local/texlive/2020/texmf-dist/tex/generic/tex4ht/html-mml.4ht
version 2020-03-06-15:07
) (/usr/local/texlive/2020/texmf-dist/tex/generic/tex4ht/html5.4ht
version 2020-04-13-14:20
)) (/usr/local/texlive/2020/texmf-dist/tex/generic/tex4ht/inputenc.4ht
version 2009-05-21-09:32
(/usr/local/texlive/2020/texmf-dist/tex/generic/tex4ht/html4.4ht
version 2020-09-02-14:24
) (/usr/local/texlive/2020/texmf-dist/tex/generic/tex4ht/unicode.4ht
version 2020-09-18-15:30
) (/usr/local/texlive/2020/texmf-dist/tex/generic/tex4ht/mathml.4ht
version 2020-09-08-14:03
) (/usr/local/texlive/2020/texmf-dist/tex/generic/tex4ht/html-mml.4ht
version 2020-03-06-15:07
) (/usr/local/texlive/2020/texmf-dist/tex/generic/tex4ht/html5.4ht
version 2020-04-13-14:20
)) (/usr/local/texlive/2020/texmf-dist/tex/generic/tex4ht/latin1.4ht
version 2009-05-21-09:32
(/usr/local/texlive/2020/texmf-dist/tex/generic/tex4ht/html4.4ht
version 2020-09-02-14:24
) (/usr/local/texlive/2020/texmf-dist/tex/generic/tex4ht/unicode.4ht
version 2020-09-18-15:30
) (/usr/local/texlive/2020/texmf-dist/tex/generic/tex4ht/mathml.4ht
version 2020-09-08-14:03
) (/usr/local/texlive/2020/texmf-dist/tex/generic/tex4ht/html-mml.4ht
version 2020-03-06-15:07
) (/usr/local/texlive/2020/texmf-dist/tex/generic/tex4ht/html5.4ht
version 2020-04-13-14:20
)) (/usr/local/texlive/2020/texmf-dist/tex/generic/tex4ht/amsmath.4ht
version 2019-12-29-14:17
\tmp:muskip=\muskip17
(/usr/local/texlive/2020/texmf-dist/tex/generic/tex4ht/html4.4ht
version 2020-09-02-14:24
) (/usr/local/texlive/2020/texmf-dist/tex/generic/tex4ht/unicode.4ht
version 2020-09-18-15:30
) (/usr/local/texlive/2020/texmf-dist/tex/generic/tex4ht/mathml.4ht
version 2020-09-08-14:03
) (/usr/local/texlive/2020/texmf-dist/tex/generic/tex4ht/html-mml.4ht
version 2020-03-06-15:07
) (/usr/local/texlive/2020/texmf-dist/tex/generic/tex4ht/html5.4ht
version 2020-04-13-14:20
)) (/usr/local/texlive/2020/texmf-dist/tex/generic/tex4ht/amstext.4ht
version 2009-05-21-09:32
(/usr/local/texlive/2020/texmf-dist/tex/generic/tex4ht/html4.4ht
version 2020-09-02-14:24
) (/usr/local/texlive/2020/texmf-dist/tex/generic/tex4ht/unicode.4ht
version 2020-09-18-15:30
) (/usr/local/texlive/2020/texmf-dist/tex/generic/tex4ht/mathml.4ht
version 2020-09-08-14:03
) (/usr/local/texlive/2020/texmf-dist/tex/generic/tex4ht/html-mml.4ht
version 2020-03-06-15:07
) (/usr/local/texlive/2020/texmf-dist/tex/generic/tex4ht/html5.4ht
version 2020-04-13-14:20
)) (/usr/local/texlive/2020/texmf-dist/tex/generic/tex4ht/amsbsy.4ht
version 2009-05-21-09:32
(/usr/local/texlive/2020/texmf-dist/tex/generic/tex4ht/html4.4ht
version 2020-09-02-14:24
) (/usr/local/texlive/2020/texmf-dist/tex/generic/tex4ht/unicode.4ht
version 2020-09-18-15:30
) (/usr/local/texlive/2020/texmf-dist/tex/generic/tex4ht/mathml.4ht
version 2020-09-08-14:03
) (/usr/local/texlive/2020/texmf-dist/tex/generic/tex4ht/html-mml.4ht
version 2020-03-06-15:07
) (/usr/local/texlive/2020/texmf-dist/tex/generic/tex4ht/html5.4ht
version 2020-04-13-14:20
)) (/usr/local/texlive/2020/texmf-dist/tex/generic/tex4ht/amsopn.4ht
version 2009-05-21-09:32
(/usr/local/texlive/2020/texmf-dist/tex/generic/tex4ht/html4.4ht
version 2020-09-02-14:24
) (/usr/local/texlive/2020/texmf-dist/tex/generic/tex4ht/unicode.4ht
version 2020-09-18-15:30
) (/usr/local/texlive/2020/texmf-dist/tex/generic/tex4ht/mathml.4ht
version 2020-09-08-14:03
) (/usr/local/texlive/2020/texmf-dist/tex/generic/tex4ht/html-mml.4ht
version 2020-03-06-15:07
) (/usr/local/texlive/2020/texmf-dist/tex/generic/tex4ht/html5.4ht
version 2020-04-13-14:20
)) (/usr/local/texlive/2020/texmf-dist/tex/generic/tex4ht/amsfonts.4ht
version 2009-05-21-09:32
(/usr/local/texlive/2020/texmf-dist/tex/generic/tex4ht/html4.4ht
version 2020-09-02-14:24
) (/usr/local/texlive/2020/texmf-dist/tex/generic/tex4ht/unicode.4ht
version 2020-09-18-15:30
) (/usr/local/texlive/2020/texmf-dist/tex/generic/tex4ht/mathml.4ht
version 2020-09-08-14:03
) (/usr/local/texlive/2020/texmf-dist/tex/generic/tex4ht/html-mml.4ht
version 2020-03-06-15:07
) (/usr/local/texlive/2020/texmf-dist/tex/generic/tex4ht/html5.4ht
version 2020-04-13-14:20
)) (/usr/local/texlive/2020/texmf-dist/tex/generic/tex4ht/amssymb.4ht
version 2009-05-21-09:32
(/usr/local/texlive/2020/texmf-dist/tex/generic/tex4ht/html4.4ht
version 2020-09-02-14:24
) (/usr/local/texlive/2020/texmf-dist/tex/generic/tex4ht/unicode.4ht
version 2020-09-18-15:30
) (/usr/local/texlive/2020/texmf-dist/tex/generic/tex4ht/mathml.4ht
version 2020-09-08-14:03
[54] [55] [56] [57] [58] [59] [60] [61] [62] [63] [64] [65] [66] [67] [68] [69]
[70] [71] [72] [73] [74] [75] [76] [77] [78] [79] [80] [81] [82] [83] [84] [85]
[86] [87] [88] [89] [90] [91] [92] [93] [94] [95] [96] [97] [98] [99] [100] [10
1] [102] [103] [104] [105] [106] [107] [108] [109] [110] [111] [112] [113] [114
] [115] [116] [117] [118] [119] [120] [121] [122] [123] [124] [125] [126] [127]
[128] [129] [130] [131] [132] [133] [134] [135] [136] [137] [138] [139] [140] [
141] [142] [143] [144] [145] [146] [147] [148] [149] [150] [151] [152] [153] [1
54] [155] [156] [157] [158] [159] [160] [161] [162] [163] [164] [165] [166] [16
7] [168] [169] [170] [171] [172] [173] [174] [175] [176] [177] [178] [179] [180
] [181] [182] [183] [184] [185] [186] [187] [188] [189] [190] [191] [192] [193]
[194] [195] [196] [197] [198] [199] [200] [201] [202] [203] [204] [205] [206] [
207] [208] [209] [210] [211] [212] [213] [214] [215] [216] [217] [218] [219] [2
20] [221] [222] [223] [224] [225] [226] [227] [228] [229] [230] [231] [232] [23
3] [234] [235] [236] [237] [238] [239] [240] [241] [242] [243] [244] [245] [246
] [247] [248] [249] [250] [251] [252] [253] [254] [255] [256] [257]) (/usr/loca
l/texlive/2020/texmf-dist/tex/generic/tex4ht/html-mml.4ht
version 2020-03-06-15:07
) (/usr/local/texlive/2020/texmf-dist/tex/generic/tex4ht/html5.4ht
version 2020-04-13-14:20
)) (/usr/local/texlive/2020/texmf-dist/tex/generic/tex4ht/amsthm.4ht
version 2009-05-21-09:32
(/usr/local/texlive/2020/texmf-dist/tex/generic/tex4ht/html4.4ht
version 2020-09-02-14:24
) (/usr/local/texlive/2020/texmf-dist/tex/generic/tex4ht/unicode.4ht
version 2020-09-18-15:30
) (/usr/local/texlive/2020/texmf-dist/tex/generic/tex4ht/mathml.4ht
version 2020-09-08-14:03
) (/usr/local/texlive/2020/texmf-dist/tex/generic/tex4ht/html-mml.4ht
version 2020-03-06-15:07
) (/usr/local/texlive/2020/texmf-dist/tex/generic/tex4ht/html5.4ht
version 2020-04-13-14:20
)) (/usr/local/texlive/2020/texmf-dist/tex/generic/tex4ht/caption.4ht (/usr/loc
al/texlive/2020/texmf-dist/tex/generic/tex4ht/html4.4ht
version 2020-09-02-14:24
) (/usr/local/texlive/2020/texmf-dist/tex/generic/tex4ht/unicode.4ht
version 2020-09-18-15:30
) (/usr/local/texlive/2020/texmf-dist/tex/generic/tex4ht/mathml.4ht
version 2020-09-08-14:03
) (/usr/local/texlive/2020/texmf-dist/tex/generic/tex4ht/html-mml.4ht
version 2020-03-06-15:07
) (/usr/local/texlive/2020/texmf-dist/tex/generic/tex4ht/html5.4ht
version 2020-04-13-14:20
)) (/usr/local/texlive/2020/texmf-dist/tex/generic/tex4ht/color.4ht (/usr/local
/texlive/2020/texmf-dist/tex/generic/tex4ht/html4.4ht
version 2020-09-02-14:24
) (/usr/local/texlive/2020/texmf-dist/tex/generic/tex4ht/unicode.4ht
version 2020-09-18-15:30
) (/usr/local/texlive/2020/texmf-dist/tex/generic/tex4ht/mathml.4ht
version 2020-09-08-14:03
) (/usr/local/texlive/2020/texmf-dist/tex/generic/tex4ht/html-mml.4ht
version 2020-03-06-15:07
) (/usr/local/texlive/2020/texmf-dist/tex/generic/tex4ht/html5.4ht
version 2020-04-13-14:20
)) (/usr/local/texlive/2020/texmf-dist/tex/generic/tex4ht/dvips.4ht
version 2009-05-21-09:32
(/usr/local/texlive/2020/texmf-dist/tex/generic/tex4ht/html4.4ht
version 2020-09-02-14:24
) (/usr/local/texlive/2020/texmf-dist/tex/generic/tex4ht/unicode.4ht
version 2020-09-18-15:30
) (/usr/local/texlive/2020/texmf-dist/tex/generic/tex4ht/mathml.4ht
version 2020-09-08-14:03
) (/usr/local/texlive/2020/texmf-dist/tex/generic/tex4ht/html-mml.4ht
version 2020-03-06-15:07
) (/usr/local/texlive/2020/texmf-dist/tex/generic/tex4ht/html5.4ht
version 2020-04-13-14:20
)) (/usr/local/texlive/2020/texmf-dist/tex/generic/tex4ht/dvipsnam.4ht
version 2009-05-21-09:32
(/usr/local/texlive/2020/texmf-dist/tex/latex/graphics/dvipsnam.def) (/usr/loca
l/texlive/2020/texmf-dist/tex/generic/tex4ht/html4.4ht
version 2020-09-02-14:24
) (/usr/local/texlive/2020/texmf-dist/tex/generic/tex4ht/unicode.4ht
version 2020-09-18-15:30
) (/usr/local/texlive/2020/texmf-dist/tex/generic/tex4ht/mathml.4ht
version 2020-09-08-14:03
) (/usr/local/texlive/2020/texmf-dist/tex/generic/tex4ht/html-mml.4ht
version 2020-03-06-15:07
) (/usr/local/texlive/2020/texmf-dist/tex/generic/tex4ht/html5.4ht
version 2020-04-13-14:20
)) (/usr/local/texlive/2020/texmf-dist/tex/generic/tex4ht/graphicx.4ht
version 2018-10-01-14:24
(/usr/local/texlive/2020/texmf-dist/tex/generic/tex4ht/html4.4ht
version 2020-09-02-14:24
) (/usr/local/texlive/2020/texmf-dist/tex/generic/tex4ht/unicode.4ht
version 2020-09-18-15:30
) (/usr/local/texlive/2020/texmf-dist/tex/generic/tex4ht/mathml.4ht
version 2020-09-08-14:03
) (/usr/local/texlive/2020/texmf-dist/tex/generic/tex4ht/html-mml.4ht
version 2020-03-06-15:07
) (/usr/local/texlive/2020/texmf-dist/tex/generic/tex4ht/html5.4ht
version 2020-04-13-14:20
)) (/usr/local/texlive/2020/texmf-dist/tex/generic/tex4ht/graphics.4ht (/usr/lo
cal/texlive/2020/texmf-dist/tex/generic/tex4ht/html4.4ht
version 2020-09-02-14:24
--------------------------------------
--- Note --- if included graphics are of degraded quality, try the command line
 options `graphics-num' or `graphics-'. The `num' should provide the density of
 pixels in the bitmaps (e.g., 110). 
--------------------------------------
--------------------------------------
--- Note --- for key dimensions try the option `Gin-dim'; for key dimensions wh
en bounding box is unavailable try `Gin-dim+'; neither is recommended
--------------------------------------
) (/usr/local/texlive/2020/texmf-dist/tex/generic/tex4ht/unicode.4ht
version 2020-09-18-15:30
) (/usr/local/texlive/2020/texmf-dist/tex/generic/tex4ht/mathml.4ht
version 2020-09-08-14:03
) (/usr/local/texlive/2020/texmf-dist/tex/generic/tex4ht/html-mml.4ht
version 2020-03-06-15:07
) (/usr/local/texlive/2020/texmf-dist/tex/generic/tex4ht/html5.4ht
version 2020-04-13-14:20
)) (/usr/local/texlive/2020/texmf-dist/tex/generic/tex4ht/ifthen.4ht
version 2009-05-21-09:32
(/usr/local/texlive/2020/texmf-dist/tex/generic/tex4ht/html4.4ht
version 2020-09-02-14:24
) (/usr/local/texlive/2020/texmf-dist/tex/generic/tex4ht/unicode.4ht
version 2020-09-18-15:30
) (/usr/local/texlive/2020/texmf-dist/tex/generic/tex4ht/mathml.4ht
version 2020-09-08-14:03
) (/usr/local/texlive/2020/texmf-dist/tex/generic/tex4ht/html-mml.4ht
version 2020-03-06-15:07
) (/usr/local/texlive/2020/texmf-dist/tex/generic/tex4ht/html5.4ht
version 2020-04-13-14:20
)) (/usr/local/texlive/2020/texmf-dist/tex/generic/tex4ht/xcolor.4ht
version 2019-04-09-10:06
(/usr/local/texlive/2020/texmf-dist/tex/generic/tex4ht/color.4ht) (/usr/local/t
exlive/2020/texmf-dist/tex/generic/tex4ht/html4.4ht
version 2020-09-02-14:24
) (/usr/local/texlive/2020/texmf-dist/tex/generic/tex4ht/unicode.4ht
version 2020-09-18-15:30
) (/usr/local/texlive/2020/texmf-dist/tex/generic/tex4ht/mathml.4ht
version 2020-09-08-14:03
) (/usr/local/texlive/2020/texmf-dist/tex/generic/tex4ht/html-mml.4ht
version 2020-03-06-15:07
) (/usr/local/texlive/2020/texmf-dist/tex/generic/tex4ht/html5.4ht
version 2020-04-13-14:20
)) (/usr/local/texlive/2020/texmf-dist/tex/generic/tex4ht/pgf.4ht
version 2009-05-21-09:32
(/usr/local/texlive/2020/texmf-dist/tex/generic/tex4ht/html4.4ht
version 2020-09-02-14:24
) (/usr/local/texlive/2020/texmf-dist/tex/generic/tex4ht/unicode.4ht
version 2020-09-18-15:30
) (/usr/local/texlive/2020/texmf-dist/tex/generic/tex4ht/mathml.4ht
version 2020-09-08-14:03
) (/usr/local/texlive/2020/texmf-dist/tex/generic/tex4ht/html-mml.4ht
version 2020-03-06-15:07
) (/usr/local/texlive/2020/texmf-dist/tex/generic/tex4ht/html5.4ht
version 2020-04-13-14:20
)) (/usr/local/texlive/2020/texmf-dist/tex/generic/tex4ht/everyshi.4ht
version 2009-05-21-09:32
(/usr/local/texlive/2020/texmf-dist/tex/generic/tex4ht/html4.4ht
version 2020-09-02-14:24
) (/usr/local/texlive/2020/texmf-dist/tex/generic/tex4ht/unicode.4ht
version 2020-09-18-15:30
) (/usr/local/texlive/2020/texmf-dist/tex/generic/tex4ht/mathml.4ht
version 2020-09-08-14:03
) (/usr/local/texlive/2020/texmf-dist/tex/generic/tex4ht/html-mml.4ht
version 2020-03-06-15:07
) (/usr/local/texlive/2020/texmf-dist/tex/generic/tex4ht/html5.4ht
version 2020-04-13-14:20
)) (/usr/local/texlive/2020/texmf-dist/tex/generic/tex4ht/mdframed.4ht
version 2019-11-07-14:08
\mdf:env:cnt=\count322
(/usr/local/texlive/2020/texmf-dist/tex/generic/tex4ht/html4.4ht
version 2020-09-02-14:24
) (/usr/local/texlive/2020/texmf-dist/tex/generic/tex4ht/unicode.4ht
version 2020-09-18-15:30
) (/usr/local/texlive/2020/texmf-dist/tex/generic/tex4ht/mathml.4ht
version 2020-09-08-14:03
) (/usr/local/texlive/2020/texmf-dist/tex/generic/tex4ht/html-mml.4ht
version 2020-03-06-15:07
) (/usr/local/texlive/2020/texmf-dist/tex/generic/tex4ht/html5.4ht
version 2020-04-13-14:20
)) (/usr/local/texlive/2020/texmf-dist/tex/generic/tex4ht/epigraph.4ht
version 2009-05-21-09:32
(/usr/local/texlive/2020/texmf-dist/tex/generic/tex4ht/html4.4ht
version 2020-09-02-14:24
) (/usr/local/texlive/2020/texmf-dist/tex/generic/tex4ht/unicode.4ht
version 2020-09-18-15:30
) (/usr/local/texlive/2020/texmf-dist/tex/generic/tex4ht/mathml.4ht
version 2020-09-08-14:03
) (/usr/local/texlive/2020/texmf-dist/tex/generic/tex4ht/html-mml.4ht
version 2020-03-06-15:07
) (/usr/local/texlive/2020/texmf-dist/tex/generic/tex4ht/html5.4ht
version 2020-04-13-14:20
)) (/usr/local/texlive/2020/texmf-dist/tex/generic/tex4ht/html4.4ht
version 2020-09-02-14:24
) (/usr/local/texlive/2020/texmf-dist/tex/generic/tex4ht/unicode.4ht
version 2020-09-18-15:30
) (/usr/local/texlive/2020/texmf-dist/tex/generic/tex4ht/mathml.4ht
version 2020-09-08-14:03
) (/usr/local/texlive/2020/texmf-dist/tex/generic/tex4ht/html-mml.4ht
version 2020-03-06-15:07
) (/usr/local/texlive/2020/texmf-dist/tex/generic/tex4ht/html5.4ht
version 2020-04-13-14:20
)) (./lecturenotes.aux (./chapters/introduction.aux) (./chapters/NLP.aux

LaTeX Warning: Label `ex_2' multiply defined.

) (./chapters/numerical_methods_NLP.aux))
\openout1 = `lecturenotes.aux'.

LaTeX Font Info:    Checking defaults for OML/cmm/m/it on input line 114.
LaTeX Font Info:    ... okay on input line 114.
LaTeX Font Info:    Checking defaults for OMS/cmsy/m/n on input line 114.
LaTeX Font Info:    ... okay on input line 114.
LaTeX Font Info:    Checking defaults for OT1/cmr/m/n on input line 114.
LaTeX Font Info:    ... okay on input line 114.
LaTeX Font Info:    Checking defaults for T1/cmr/m/n on input line 114.
LaTeX Font Info:    ... okay on input line 114.
LaTeX Font Info:    Checking defaults for TS1/cmr/m/n on input line 114.
LaTeX Font Info:    ... okay on input line 114.
LaTeX Font Info:    Checking defaults for OMX/cmex/m/n on input line 114.
LaTeX Font Info:    ... okay on input line 114.
LaTeX Font Info:    Checking defaults for U/cmr/m/n on input line 114.
LaTeX Font Info:    ... okay on input line 114.
Package caption Info: Begin \AtBeginDocument code.
Package caption Info: subfig package v1.3 is loaded.
Package caption Info: End \AtBeginDocument code.
\AtBeginShipoutBox=\box68
--- file lecturenotes.css ---
) [1] [2

] [3]
\openout2 = `chapters/introduction.aux'.

(./chapters/introduction.tex [4

]
Chapter 1.
[5

] [6]) [7] [8

]
\openout2 = `chapters/NLP.aux'.

(./chapters/NLP.tex [9

]
Chapter 2.
[10

] [11] [12

]
l.41 --- TeX4ht warning --- File `"figures/NLP/convex_set.xbb"' not found ---
l.41 --- TeX4ht warning --- Cannot determine size of graphic in "figures/NLP/co
nvex_set.xbb" (no BoundingBox) ---
l. 41 --- needs --- figures/NLP/convex_set.png ---
[13

] [14

] [15

]
l.48 --- TeX4ht warning --- File `"figures/NLP/convex_fun.xbb"' not found ---
l.48 --- TeX4ht warning --- Cannot determine size of graphic in "figures/NLP/co
nvex_fun.xbb" (no BoundingBox) ---
l. 48 --- needs --- figures/NLP/convex_fun.png ---
[16

] [17

] [18] [19] [20] [21

]
l. 152 --- needs --- figures/NLP/NLP_1.png ---
[22

] [23

] [24] [25]
--- file lecturenotes2.html ---
[26

] [27] [28]
l.294 --- TeX4ht warning --- Multiple footnote texts for mark 1 ---
[29] [30] [31]

LaTeX Warning: Reference `fig2.2' on page 32 undefined on input line 353.

[32] Excluding 'comment' comment.

LaTeX Warning: Reference `fig2.3' on page 33 undefined on input line 394.


LaTeX Warning: Reference `fig2.3' on page 33 undefined on input line 394.


LaTeX Warning: Reference `fig2.3' on page 33 undefined on input line 394.


LaTeX Warning: Reference `fig2.3' on page 33 undefined on input line 394.

Excluding 'comment' comment.

LaTeX Warning: Reference `fig2.3' on page 33 undefined on input line 408.

[33] [34] [35] [36] [37] [38] [39]
l.539 --- TeX4ht warning --- Multiple footnote texts for mark 1 ---
[40]

LaTeX Warning: Reference `fig2.4' on page 41 undefined on input line 565.

[41] [42] Excluding 'comment' comment. [43] [44] [45] [46

]
l. 654 --- needs --- figures/NLP/NLP_2.png ---
[47

] [48

] [49] [50] [51

]
l. 710 --- needs --- figures/NLP/saddle_1.png ---
l. 712 --- needs --- figures/NLP/saddle_2.png ---
[52

] [53

] [54] [55] [56] [57] [58] [59] [60] [61

]
l. 850 --- needs --- figures/NLP/convex_q_3d.png ---
l. 852 --- needs --- figures/NLP/convex_q_contour.png ---
[62

]
l.876 --- TeX4ht warning --- Multiple footnote texts for mark 1 ---
[63

]

LaTeX Warning: Reference `teoeoGeomNecCond' on page 64 undefined on input line 
889.


LaTeX Warning: Reference `fig2.9' on page 64 undefined on input line 889.

Excluding 'comment' comment. [64] [65] [66] [67] [68] [69] [70] [71]
l.1036 --- TeX4ht warning --- Multiple footnote texts for mark 1 ---
Runaway argument?
{\ignorespaces Often, the condition \ref {eqKKTpoint4} is replaced by\ETC.
! Paragraph ended before \n:@makefntext: was complete.
<to be read again> 
                   \par 
l.1045 	}
         .
I suspect you've forgotten a `}', causing me to apply this
control sequence to too much text. How can we recover?
My plan is to forget the whole thing and hope for the best.

! Extra }, or forgotten \endgroup.
\@footnotetext ... \@makefntext {\ignorespaces #1}
                                                  \color@endgroup \ht:specia...
l.1045 	}
         .
I've deleted a group-closing symbol because it seems to be
spurious, as in `$x}$'. But perhaps the } is legitimate and
you forgot something else, as in `\hbox{$x}'. In such cases
the way to recover is to insert both the forgotten and the
deleted material, e.g., by typing `I$}'.

[72] [73]
l.1077 --- TeX4ht warning --- Multiple footnote texts for mark 1 ---
[74] [75] [76] [77] [78] [79

]
l. 1147 --- needs --- figures/NLP/NLP_3.png ---
[80

]
l.1162 --- TeX4ht warning --- Multiple footnote texts for mark 1 ---
[81

] [82] [83] [84] [85] [86]

LaTeX Warning: Reference `fig2.11' on page 87 undefined on input line 1259.

[87] [88] Excluding 'comment' comment. [89] [90]
l.1339 --- TeX4ht warning --- Multiple footnote texts for mark 1 ---
--- file lecturenotes3.html ---
[91] Excluding 'comment' comment. [92] [93] [94] Excluding 'comment' comment. [
95] [96] [97] [98

]
l. 1571 --- needs --- figures/NLP/NLP_4.png ---
[99

] [100

]
l.1600 --- TeX4ht warning --- Multiple footnote texts for mark 1 ---
[101] [102] [103]
l.1649 --- TeX4ht warning --- Multiple footnote texts for mark 1 ---
l.1651 --- TeX4ht warning --- Multiple footnote texts for mark 2 ---
[104] [105] [106] [107] [108] [109] [110] [111] [112] [113] [114] [115] [116

]
l. 1830 --- needs --- figures/NLP/hilly.png ---
[117

] [118

] [119] [120] [121] [122] [123] Excluding 'comment' comment. [124] [125] [126])
[127] [128

]
\openout2 = `chapters/numerical_methods_NLP.aux'.

(./chapters/numerical_methods_NLP.tex [129

] [130] Excluding 'comment' comment. [131] [132] [133]
l.115 --- TeX4ht warning --- Multiple footnote texts for mark 1 ---
[134] [135] [136] Excluding 'comment' comment. [137] [138] [139] [140] [141] Ex
cluding 'comment' comment. [142] [143] [144] Excluding 'comment' comment. [145]
[146] [147] [148] Excluding 'comment' comment. [149] [150] [151] [152] [153] [1
54] [155] [156]
l.573 --- TeX4ht warning --- Multiple footnote texts for mark 1 ---
[157] Excluding 'comment' comment. [158] Excluding 'comment' comment. [159] [16
0] [161] [162] [163] [164] [165] [166] [167] [168] Excluding 'comment' comment.
[169] [170] [171] [172] Excluding 'comment' comment.) [173] [174] [175

] [176

] (./lecturenotes.aux (./chapters/introduction.aux) (./chapters/NLP.aux) (./cha
pters/numerical_methods_NLP.aux))

LaTeX Warning: There were undefined references.


LaTeX Warning: There were multiply-defined labels.

 )
(\end occurred inside a group at level 1)

### semi simple group (level 1) entered at line 66 (\begingroup)
### bottom level 
Here is how much of TeX's memory you used:
 23685 strings out of 480877
 436960 string characters out of 5907608
 807280 words of memory out of 5000000
 38469 multiletter control sequences out of 15000+600000
 550369 words of font info for 87 fonts, out of 8000000 for 9000
 1141 hyphenation exceptions out of 8191
 79i,19n,102p,2133b,7462s stack positions out of 5000i,500n,10000p,200000b,80000s

Output written on lecturenotes.dvi (433 pages, 1504836 bytes).
